c:\users\jjs00\downloads\enhancement one\enhanced breakout\x64\debug\vc143.pdb
c:\users\jjs00\downloads\enhancement one\enhanced breakout\x64\debug\vc143.idb
c:\users\jjs00\downloads\enhancement one\enhanced breakout\x64\debug\texture.obj
c:\users\jjs00\downloads\enhancement one\enhanced breakout\x64\debug\spriterenderer.obj
c:\users\jjs00\downloads\enhancement one\enhanced breakout\x64\debug\particlegenerator.obj
c:\users\jjs00\downloads\enhancement one\enhanced breakout\x64\debug\shader.obj
c:\users\jjs00\downloads\enhancement one\enhanced breakout\x64\debug\resourcemanager.obj
c:\users\jjs00\downloads\enhancement one\enhanced breakout\x64\debug\gameobject.obj
c:\users\jjs00\downloads\enhancement one\enhanced breakout\x64\debug\gamelevel.obj
c:\users\jjs00\downloads\enhancement one\enhanced breakout\x64\debug\game.obj
c:\users\jjs00\downloads\enhancement one\enhanced breakout\x64\debug\breakout.obj
c:\users\jjs00\downloads\enhancement one\enhanced breakout\x64\debug\ballobject.obj
c:\users\jjs00\downloads\enhancement one\enhanced breakout\x64\debug\glad.obj
c:\users\jjs00\downloads\enhancement one\x64\debug\cs499 project - enhanced breakout.exe
c:\users\jjs00\downloads\enhancement one\x64\debug\cs499 project - enhanced breakout.pdb
c:\users\jjs00\downloads\enhancement one\enhanced breakout\x64\debug\cs499 project - enhanced breakout.ilk
c:\users\jjs00\downloads\enhancement one\enhanced breakout\x64\debug\cs499 pr.e4ec78ac.tlog\cl.command.1.tlog
c:\users\jjs00\downloads\enhancement one\enhanced breakout\x64\debug\cs499 pr.e4ec78ac.tlog\cl.items.tlog
c:\users\jjs00\downloads\enhancement one\enhanced breakout\x64\debug\cs499 pr.e4ec78ac.tlog\cl.read.1.tlog
c:\users\jjs00\downloads\enhancement one\enhanced breakout\x64\debug\cs499 pr.e4ec78ac.tlog\cl.write.1.tlog
c:\users\jjs00\downloads\enhancement one\enhanced breakout\x64\debug\cs499 pr.e4ec78ac.tlog\link.command.1.tlog
c:\users\jjs00\downloads\enhancement one\enhanced breakout\x64\debug\cs499 pr.e4ec78ac.tlog\link.read.1.tlog
c:\users\jjs00\downloads\enhancement one\enhanced breakout\x64\debug\cs499 pr.e4ec78ac.tlog\link.secondary.1.tlog
c:\users\jjs00\downloads\enhancement one\enhanced breakout\x64\debug\cs499 pr.e4ec78ac.tlog\link.write.1.tlog
