c:\users\jjs00\documents\cs 499\module one\hello_window\hello_window\hello_window\x64\debug\vc143.pdb
c:\users\jjs00\documents\cs 499\module one\hello_window\hello_window\hello_window\x64\debug\vc143.idb
c:\users\jjs00\documents\cs 499\module one\hello_window\hello_window\hello_window\x64\debug\texture.obj
c:\users\jjs00\documents\cs 499\module one\hello_window\hello_window\hello_window\x64\debug\spriterenderer.obj
c:\users\jjs00\documents\cs 499\module one\hello_window\hello_window\hello_window\x64\debug\shader.obj
c:\users\jjs00\documents\cs 499\module one\hello_window\hello_window\hello_window\x64\debug\resourcemanager.obj
c:\users\jjs00\documents\cs 499\module one\hello_window\hello_window\hello_window\x64\debug\gameobject.obj
c:\users\jjs00\documents\cs 499\module one\hello_window\hello_window\hello_window\x64\debug\gamelevel.obj
c:\users\jjs00\documents\cs 499\module one\hello_window\hello_window\hello_window\x64\debug\game.obj
c:\users\jjs00\documents\cs 499\module one\hello_window\hello_window\hello_window\x64\debug\breakout.obj
c:\users\jjs00\documents\cs 499\module one\hello_window\hello_window\hello_window\x64\debug\ballobject.obj
c:\users\jjs00\documents\cs 499\module one\hello_window\hello_window\hello_window\x64\debug\glad.obj
c:\users\jjs00\documents\cs 499\module one\hello_window\hello_window\x64\debug\hello_window.exe
c:\users\jjs00\documents\cs 499\module one\hello_window\hello_window\x64\debug\hello_window.pdb
c:\users\jjs00\documents\cs 499\module one\hello_window\hello_window\hello_window\x64\debug\hello_window.ilk
c:\users\jjs00\documents\cs 499\module one\hello_window\hello_window\x64\debug\hello_window.ilk
c:\users\jjs00\documents\cs 499\module one\hello_window\hello_window\hello_window\x64\debug\hello_window.tlog\cl.command.1.tlog
c:\users\jjs00\documents\cs 499\module one\hello_window\hello_window\hello_window\x64\debug\hello_window.tlog\cl.items.tlog
c:\users\jjs00\documents\cs 499\module one\hello_window\hello_window\hello_window\x64\debug\hello_window.tlog\cl.read.1.tlog
c:\users\jjs00\documents\cs 499\module one\hello_window\hello_window\hello_window\x64\debug\hello_window.tlog\cl.write.1.tlog
c:\users\jjs00\documents\cs 499\module one\hello_window\hello_window\hello_window\x64\debug\hello_window.tlog\link.command.1.tlog
c:\users\jjs00\documents\cs 499\module one\hello_window\hello_window\hello_window\x64\debug\hello_window.tlog\link.read.1.tlog
c:\users\jjs00\documents\cs 499\module one\hello_window\hello_window\hello_window\x64\debug\hello_window.tlog\link.secondary.1.tlog
c:\users\jjs00\documents\cs 499\module one\hello_window\hello_window\hello_window\x64\debug\hello_window.tlog\link.write.1.tlog
