  BallObject.cpp
  Breakout.cpp
  Game.cpp
  GameLevel.cpp
  GameObject.cpp
  HighScoreDB.cpp
  ResourceManager.cpp
  Shader.cpp
  ParticleGenerator.cpp
  SpriteRenderer.cpp
  stb_image.cpp
  TextRenderer.cpp
  Texture.cpp
  Generating Code...
  glad.c
  sqlite3.c
  Generating Code...
  LINK : C:\Users\jjs00\Documents\CS 499\Module Five\Breakout - Enhancement Three Files\x64\Debug\CS499 Project - Enhanced Breakout.exe not found or not built by the last incremental link; performing full link
     Creating library C:\Users\jjs00\Documents\CS 499\Module Five\Breakout - Enhancement Three Files\x64\Debug\CS499 Project - Enhanced Breakout.lib and object C:\Users\jjs00\Documents\CS 499\Module Five\Breakout - Enhancement Three Files\x64\Debug\CS499 Project - Enhanced Breakout.exp
  Enhanced Breakout.vcxproj -> C:\Users\jjs00\Documents\CS 499\Module Five\Breakout - Enhancement Three Files\x64\Debug\CS499 Project - Enhanced Breakout.exe
