c:\users\jjs00\documents\github\capstoneproject\enhanced breakout\x64\release\vc143.pdb
c:\users\jjs00\documents\github\capstoneproject\enhanced breakout\x64\release\texture.obj
c:\users\jjs00\documents\github\capstoneproject\enhanced breakout\x64\release\textrenderer.obj
c:\users\jjs00\documents\github\capstoneproject\enhanced breakout\x64\release\stb_image.obj
c:\users\jjs00\documents\github\capstoneproject\enhanced breakout\x64\release\spriterenderer.obj
c:\users\jjs00\documents\github\capstoneproject\enhanced breakout\x64\release\particlegenerator.obj
c:\users\jjs00\documents\github\capstoneproject\enhanced breakout\x64\release\shader.obj
c:\users\jjs00\documents\github\capstoneproject\enhanced breakout\x64\release\resourcemanager.obj
c:\users\jjs00\documents\github\capstoneproject\enhanced breakout\x64\release\highscoredb.obj
c:\users\jjs00\documents\github\capstoneproject\enhanced breakout\x64\release\gameobject.obj
c:\users\jjs00\documents\github\capstoneproject\enhanced breakout\x64\release\gamelevel.obj
c:\users\jjs00\documents\github\capstoneproject\enhanced breakout\x64\release\game.obj
c:\users\jjs00\documents\github\capstoneproject\enhanced breakout\x64\release\breakout.obj
c:\users\jjs00\documents\github\capstoneproject\enhanced breakout\x64\release\ballobject.obj
c:\users\jjs00\documents\github\capstoneproject\enhanced breakout\x64\release\sqlite3.obj
c:\users\jjs00\documents\github\capstoneproject\enhanced breakout\x64\release\glad.obj
c:\users\jjs00\documents\github\capstoneproject\x64\release\cs499 project - enhanced breakout.exe
c:\users\jjs00\documents\github\capstoneproject\x64\release\cs499 project - enhanced breakout.pdb
c:\users\jjs00\documents\github\capstoneproject\x64\release\cs499 project - enhanced breakout.lib
c:\users\jjs00\documents\github\capstoneproject\x64\release\cs499 project - enhanced breakout.exp
c:\users\jjs00\documents\github\capstoneproject\enhanced breakout\x64\release\cs499 project - enhanced breakout.ipdb
c:\users\jjs00\documents\github\capstoneproject\enhanced breakout\x64\release\cs499 project - enhanced breakout.iobj
c:\users\jjs00\documents\github\capstoneproject\enhanced breakout\x64\release\cs499 pr.e4ec78ac.tlog\cl.command.1.tlog
c:\users\jjs00\documents\github\capstoneproject\enhanced breakout\x64\release\cs499 pr.e4ec78ac.tlog\cl.items.tlog
c:\users\jjs00\documents\github\capstoneproject\enhanced breakout\x64\release\cs499 pr.e4ec78ac.tlog\cl.read.1.tlog
c:\users\jjs00\documents\github\capstoneproject\enhanced breakout\x64\release\cs499 pr.e4ec78ac.tlog\cl.write.1.tlog
c:\users\jjs00\documents\github\capstoneproject\enhanced breakout\x64\release\cs499 pr.e4ec78ac.tlog\link.command.1.tlog
c:\users\jjs00\documents\github\capstoneproject\enhanced breakout\x64\release\cs499 pr.e4ec78ac.tlog\link.read.1.tlog
c:\users\jjs00\documents\github\capstoneproject\enhanced breakout\x64\release\cs499 pr.e4ec78ac.tlog\link.secondary.1.tlog
c:\users\jjs00\documents\github\capstoneproject\enhanced breakout\x64\release\cs499 pr.e4ec78ac.tlog\link.write.1.tlog
